Using pre-set license
Built from '2020.3/release' branch; Version is '2020.3.1f1 (77a89f25062f) revision 7841951'; Using compiler version '192528614'; Build Type 'Release'
OS: 'Windows 10 Home; OS build 18363.778; Version 1909; 64bit' Language: 'pl' Physical Memory: 8033 MB
BatchMode: 1, IsHumanControllingUs: 0, StartBugReporterOnCrash: 0, Is64bit: 1, IsPro: 0

 COMMAND LINE ARGUMENTS:
C:\Users\barte\AppData\Local\GitHubDesktop\2020.3.1f1\Editor\Unity.exe
-adb2
-batchMode
-noUpm
-name
AssetImportWorker0
-projectPath
C:/Users/barte/OneDrive/Pulpit/Unity Game/Gra_2/Gra_2
-logFile
Logs/AssetImportWorker0.log
-srvPort
55625
Successfully changed project path to: C:/Users/barte/OneDrive/Pulpit/Unity Game/Gra_2/Gra_2
C:/Users/barte/OneDrive/Pulpit/Unity Game/Gra_2/Gra_2
Using Asset Import Pipeline V2.
Refreshing native plugins compatible for Editor in 96.55 ms, found 1 plugins.
Preloading 0 native plugins for Editor in 0.00 ms.
Initialize engine version: 2020.3.1f1 (77a89f25062f)
[Subsystems] Discovering subsystems at path C:/Users/barte/AppData/Local/GitHubDesktop/2020.3.1f1/Editor/Data/Resources/UnitySubsystems
[Subsystems] Discovering subsystems at path C:/Users/barte/OneDrive/Pulpit/Unity Game/Gra_2/Gra_2/Assets
GfxDevice: creating device client; threaded=0
Direct3D:
    Version:  Direct3D 11.0 [level 11.1]
    Renderer: NVIDIA GeForce GTX 1660 Ti with Max-Q Design (ID=0x2191)
    Vendor:   
    VRAM:     5991 MB
    Driver:   26.21.14.4145
Initialize mono
Mono path[0] = 'C:/Users/barte/AppData/Local/GitHubDesktop/2020.3.1f1/Editor/Data/Managed'
Mono path[1] = 'C:/Users/barte/AppData/Local/GitHubDesktop/2020.3.1f1/Editor/Data/MonoBleedingEdge/lib/mono/unityjit'
Mono config path = 'C:/Users/barte/AppData/Local/GitHubDesktop/2020.3.1f1/Editor/Data/MonoBleedingEdge/etc'
Using monoOptions --debugger-agent=transport=dt_socket,embedding=1,server=y,suspend=n,address=127.0.0.1:56464
Begin MonoManager ReloadAssembly
Registering precompiled unity dll's ...
Register platform support module: C:/Users/barte/AppData/Local/GitHubDesktop/2020.3.1f1/Editor/Data/PlaybackEngines/WindowsStandaloneSupport/UnityEditor.WindowsStandalone.Extensions.dll
Registered in 0.005233 seconds.
Native extension for WindowsStandalone target not found
Refreshing native plugins compatible for Editor in 85.24 ms, found 1 plugins.
Preloading 0 native plugins for Editor in 0.00 ms.
Invoked RoslynAnalysisRunner static constructor.
RoslynAnalysisRunner will not be running.
RoslynAnalysisRunner has terminated.
Mono: successfully reloaded assembly
- Completed reload, in  8.517 seconds
Platform modules already initialized, skipping
Registering precompiled user dll's ...
Registered in 0.003357 seconds.
Begin MonoManager ReloadAssembly
Native extension for WindowsStandalone target not found
Refreshing native plugins compatible for Editor in 84.31 ms, found 1 plugins.
Preloading 0 native plugins for Editor in 0.00 ms.
Invoked RoslynAnalysisRunner static constructor.
RoslynAnalysisRunner will not be running.
RoslynAnalysisRunner has terminated.
Mono: successfully reloaded assembly
- Completed reload, in  2.079 seconds
Platform modules already initialized, skipping
========================================================================
Worker process is ready to serve import requests
Launched and connected shader compiler UnityShaderCompiler.exe after 0.14 seconds
Refreshing native plugins compatible for Editor in 1.64 ms, found 1 plugins.
Preloading 0 native plugins for Editor in 0.00 ms.
Unloading 1813 Unused Serialized files (Serialized files now loaded: 0)
System memory in use before: 84.9 MB.
System memory in use after: 84.9 MB.

Unloading 24 unused Assets to reduce memory usage. Loaded Objects now: 2256.
Total: 6.421900 ms (FindLiveObjects: 0.579000 ms CreateObjectMapping: 0.264000 ms MarkObjects: 4.969800 ms  DeleteObjects: 0.604600 ms)

========================================================================
Received Import Request.
  path: Assets/Low_Swordman/Demo/Sprite/Light_Soil_Sample.png
  artifactKey: Guid(af8183249dd18734a9415f11af1f8471) Importer(815301076,1909f56bfc062723c751e8b465ee728b)
Start importing Assets/Low_Swordman/Demo/Sprite/Light_Soil_Sample.png using Guid(af8183249dd18734a9415f11af1f8471) Importer(815301076,1909f56bfc062723c751e8b465ee728b)  -> (artifact id: '5e328127b9736ed3ee90dc129f65f57e') in 2.232736 seconds
  Import took 2.247000 seconds .

========================================================================
Received Import Request.
  Time since last request: 0.000398 seconds.
  path: Assets/Low_Swordman/Demo/Sprite/Forest_Green_1.png
  artifactKey: Guid(835b624361cb959469bf0b945a2f7b9c) Importer(815301076,1909f56bfc062723c751e8b465ee728b)
Start importing Assets/Low_Swordman/Demo/Sprite/Forest_Green_1.png using Guid(835b624361cb959469bf0b945a2f7b9c) Importer(815301076,1909f56bfc062723c751e8b465ee728b)  -> (artifact id: '5bb8af527b2038ea9cbb764b9338be49') in 0.032098 seconds
  Import took 0.042216 seconds .

========================================================================
Received Import Request.
  Time since last request: 0.001038 seconds.
  path: Assets/Low_Swordman/Demo/Sprite/Cloud.png
  artifactKey: Guid(4183af6a174f2144288484ab0b83ba2a) Importer(815301076,1909f56bfc062723c751e8b465ee728b)
Start importing Assets/Low_Swordman/Demo/Sprite/Cloud.png using Guid(4183af6a174f2144288484ab0b83ba2a) Importer(815301076,1909f56bfc062723c751e8b465ee728b)  -> (artifact id: '3516be1126e4705b936a1e754f9609e0') in 0.025839 seconds
  Import took 0.039085 seconds .

========================================================================
Received Import Request.
  Time since last request: 0.000387 seconds.
  path: Assets/Low_Swordman/Demo/Sprite/LClick.png
  artifactKey: Guid(5fd8ad05b7bfcd84397212f62ccb6279) Importer(815301076,1909f56bfc062723c751e8b465ee728b)
Start importing Assets/Low_Swordman/Demo/Sprite/LClick.png using Guid(5fd8ad05b7bfcd84397212f62ccb6279) Importer(815301076,1909f56bfc062723c751e8b465ee728b)  -> (artifact id: '0bedfd2bf5a170782e5ca312a9bbddee') in 0.021322 seconds
  Import took 0.033776 seconds .

========================================================================
Received Import Request.
  Time since last request: 36.850947 seconds.
  path: Assets/Low_Swordman/Demo/Sprite/Mountain_2-001.png
  artifactKey: Guid(68d595fbad75ba14eb26974e08fa7718) Importer(815301076,1909f56bfc062723c751e8b465ee728b)
Start importing Assets/Low_Swordman/Demo/Sprite/Mountain_2-001.png using Guid(68d595fbad75ba14eb26974e08fa7718) Importer(815301076,1909f56bfc062723c751e8b465ee728b)  -> (artifact id: 'f05e99ec5c79f5a551ee4335edd18603') in 0.021493 seconds
  Import took 0.032152 seconds .

========================================================================
Received Import Request.
  Time since last request: 0.000405 seconds.
  path: Assets/Low_Swordman/Demo/Sprite/webGL-ui_move.png
  artifactKey: Guid(1300a8d6a01c3c347b3a54a380fe86f8) Importer(815301076,1909f56bfc062723c751e8b465ee728b)
Start importing Assets/Low_Swordman/Demo/Sprite/webGL-ui_move.png using Guid(1300a8d6a01c3c347b3a54a380fe86f8) Importer(815301076,1909f56bfc062723c751e8b465ee728b)  -> (artifact id: '4c849d0504bdb9803bab53d69ea9c025') in 0.019366 seconds
  Import took 0.029058 seconds .

========================================================================
Received Import Request.
  Time since last request: 0.000400 seconds.
  path: Assets/Low_Swordman/Demo/Sprite/RClick.png
  artifactKey: Guid(9dec916718111bc498a0b38c4a38b0e7) Importer(815301076,1909f56bfc062723c751e8b465ee728b)
Start importing Assets/Low_Swordman/Demo/Sprite/RClick.png using Guid(9dec916718111bc498a0b38c4a38b0e7) Importer(815301076,1909f56bfc062723c751e8b465ee728b)  -> (artifact id: '86073bf0223d43a971fd5d4dedbac7e6') in 0.017478 seconds
  Import took 0.027821 seconds .

========================================================================
Received Import Request.
  Time since last request: 0.000388 seconds.
  path: Assets/Low_Swordman/Demo/Sprite/webGL-ui_mouse_Fill.png
  artifactKey: Guid(226da39bc4b92d44cbca3bf35c87bba2) Importer(815301076,1909f56bfc062723c751e8b465ee728b)
Start importing Assets/Low_Swordman/Demo/Sprite/webGL-ui_mouse_Fill.png using Guid(226da39bc4b92d44cbca3bf35c87bba2) Importer(815301076,1909f56bfc062723c751e8b465ee728b)  -> (artifact id: '18841441ad26e2df915cdb0b395b8640') in 0.029489 seconds
  Import took 0.039520 seconds .

========================================================================
Received Import Request.
  Time since last request: 0.000411 seconds.
  path: Assets/Low_Swordman/Demo/Sprite/webGL-ui_attack.png
  artifactKey: Guid(2164c2559952e9d459b69f47322b7bb3) Importer(815301076,1909f56bfc062723c751e8b465ee728b)
Start importing Assets/Low_Swordman/Demo/Sprite/webGL-ui_attack.png using Guid(2164c2559952e9d459b69f47322b7bb3) Importer(815301076,1909f56bfc062723c751e8b465ee728b)  -> (artifact id: 'c222b7542799af313f67d2efda7f3323') in 0.020986 seconds
  Import took 0.030703 seconds .

========================================================================
Received Import Request.
  Time since last request: 0.000469 seconds.
  path: Assets/Low_Swordman/Demo/Sprite/webGL-ui_button_Fill.png
  artifactKey: Guid(fa61cfacce39345498dba8541b9744a6) Importer(815301076,1909f56bfc062723c751e8b465ee728b)
Start importing Assets/Low_Swordman/Demo/Sprite/webGL-ui_button_Fill.png using Guid(fa61cfacce39345498dba8541b9744a6) Importer(815301076,1909f56bfc062723c751e8b465ee728b)  -> (artifact id: 'ea96b7c683d6d82edd2bfb2a2b958ebe') in 0.024566 seconds
  Import took 0.033120 seconds .

========================================================================
Received Import Request.
  Time since last request: 29.879667 seconds.
  path: Assets/Low_Swordman/Demo/Sprite/LR.png
  artifactKey: Guid(d0445638e7ec597449759ae5ebba1c20) Importer(815301076,1909f56bfc062723c751e8b465ee728b)
Start importing Assets/Low_Swordman/Demo/Sprite/LR.png using Guid(d0445638e7ec597449759ae5ebba1c20) Importer(815301076,1909f56bfc062723c751e8b465ee728b)  -> (artifact id: '5a1e9edbba3e467c427cf1fa0b9a71a4') in 0.024198 seconds
  Import took 0.032764 seconds .

========================================================================
Received Import Request.
  Time since last request: 0.007601 seconds.
  path: Assets/Low_Swordman/Demo/Sprite/LR.png
  artifactKey: Guid(d0445638e7ec597449759ae5ebba1c20) Importer(815301076,1909f56bfc062723c751e8b465ee728b)
Start importing Assets/Low_Swordman/Demo/Sprite/LR.png using Guid(d0445638e7ec597449759ae5ebba1c20) Importer(815301076,1909f56bfc062723c751e8b465ee728b)  -> (artifact id: '5a1e9edbba3e467c427cf1fa0b9a71a4') in 0.017994 seconds
  Import took 0.028014 seconds .

========================================================================
Received Prepare
Registering precompiled user dll's ...
Registered in 0.003340 seconds.
Begin MonoManager ReloadAssembly
Native extension for WindowsStandalone target not found
Refreshing native plugins compatible for Editor in 1.38 ms, found 1 plugins.
Preloading 0 native plugins for Editor in 0.00 ms.
Invoked RoslynAnalysisRunner static constructor.
RoslynAnalysisRunner will not be running.
RoslynAnalysisRunner has terminated.
Mono: successfully reloaded assembly
- Completed reload, in  1.793 seconds
Platform modules already initialized, skipping
Refreshing native plugins compatible for Editor in 1.21 ms, found 1 plugins.
Preloading 0 native plugins for Editor in 0.00 ms.
Unloading 1808 Unused Serialized files (Serialized files now loaded: 0)
System memory in use before: 88.2 MB.
System memory in use after: 88.2 MB.

Unloading 12 unused Assets to reduce memory usage. Loaded Objects now: 2285.
Total: 8.318700 ms (FindLiveObjects: 2.156300 ms CreateObjectMapping: 0.982300 ms MarkObjects: 4.926400 ms  DeleteObjects: 0.241600 ms)

========================================================================
Received Import Request.
  Time since last request: 183.303137 seconds.
  path: Assets/Scenes/SampleScene.scenetemplate
  artifactKey: Guid(5830477916ee7b047bd61015e9a9211d) Importer(815301076,1909f56bfc062723c751e8b465ee728b)
Start importing Assets/Scenes/SampleScene.scenetemplate using Guid(5830477916ee7b047bd61015e9a9211d) Importer(815301076,1909f56bfc062723c751e8b465ee728b)  -> (artifact id: '2c4c7884928d14a361aa2efe2c10efa6') in 0.208676 seconds
  Import took 0.217855 seconds .

AssetImportWorkerClient::OnTransportError - code=2 error=End of file
